 ================================================================================
                               TOYGENERATOR HISTOGRAMS                                       
 ================================================================================
 
   ISR generation using seed = 5235 at center of mass energy = 1.00 GeV
 
 
 ****************************************************************
 
 p modulus mu-
      binlow         binhigh         content           error
       0.000           0.000           0.000           0.000
       0.000           0.005           0.000           0.000
       0.005           0.010           0.000           0.000
       0.010           0.015           0.000           0.000
       0.015           0.020           0.000           0.000
       0.020           0.024           0.000           0.000
       0.024           0.029           0.000           0.000
       0.029           0.034           0.000           0.000
       0.034           0.039           0.000           0.000
       0.039           0.044           0.000           0.000
       0.044           0.049           0.000           0.000
       0.049           0.054           0.145           0.145
       0.054           0.059           0.145           0.145
       0.059           0.064           0.000           0.000
       0.064           0.068           0.145           0.145
       0.068           0.073           0.436           0.252
       0.073           0.078           0.436           0.252
       0.078           0.083           0.436           0.252
       0.083           0.088           0.726           0.325
       0.088           0.093           0.726           0.325
       0.093           0.098           0.145           0.145
       0.098           0.103           0.726           0.325
       0.103           0.108           0.581           0.291
       0.108           0.112           1.598           0.482
       0.112           0.117           2.034           0.543
       0.117           0.122           3.486           0.712
       0.122           0.127           3.196           0.681
       0.127           0.132           2.760           0.633
       0.132           0.137           3.631           0.726
       0.137           0.142           4.212           0.782
       0.142           0.147           4.067           0.769
       0.147           0.151           4.067           0.769
       0.151           0.156           5.665           0.907
       0.156           0.161           3.922           0.755
       0.161           0.166           5.810           0.919
       0.166           0.171           6.536           0.974
       0.171           0.176           4.648           0.822
       0.176           0.181           6.246           0.952
       0.181           0.186           5.810           0.919
       0.186           0.191           6.101           0.941
       0.191           0.195           6.682           0.985
       0.195           0.200           5.520           0.895
       0.200           0.205           6.536           0.974
       0.205           0.210           5.665           0.907
       0.210           0.215           6.391           0.964
       0.215           0.220           6.391           0.964
       0.220           0.225           6.682           0.985
       0.225           0.230           7.117           1.017
       0.230           0.235           8.715           1.125
       0.235           0.239           6.536           0.974
       0.239           0.244           6.536           0.974
       0.244           0.249           7.408           1.037
       0.249           0.254           6.246           0.952
       0.254           0.259           8.279           1.097
       0.259           0.264           8.425           1.106
       0.264           0.269           8.134           1.087
       0.269           0.274           9.441           1.171
       0.274           0.279           6.536           0.974
       0.279           0.283           6.827           0.996
       0.283           0.288           8.570           1.116
       0.288           0.293           8.425           1.106
       0.293           0.298          10.313           1.224
       0.298           0.303           7.844           1.067
       0.303           0.308           5.810           0.919
       0.308           0.313           6.972           1.006
       0.313           0.318          10.023           1.207
       0.318           0.323           8.425           1.106
       0.323           0.327           8.279           1.097
       0.327           0.332           9.587           1.180
       0.332           0.337           9.732           1.189
       0.337           0.342          10.749           1.250
       0.342           0.347          11.330           1.283
       0.347           0.352          10.458           1.233
       0.352           0.357           8.134           1.087
       0.357           0.362          11.185           1.275
       0.362           0.367           9.877           1.198
       0.367           0.371          10.749           1.250
       0.371           0.376          10.604           1.241
       0.376           0.381           7.844           1.067
       0.381           0.386          10.313           1.224
       0.386           0.391           7.117           1.017
       0.391           0.396           7.553           1.047
       0.396           0.401           5.955           0.930
       0.401           0.406           5.374           0.884
       0.406           0.411           2.179           0.563
       0.411           0.415           1.453           0.459
       0.415           0.420           1.162           0.411
       0.420           0.425           0.145           0.145
       0.425           0.430           0.436           0.252
       0.430           0.435           0.436           0.252
       0.435           0.440           0.872           0.356
       0.440           0.445           0.291           0.205
       0.445           0.450           0.436           0.252
       0.450           0.454           0.145           0.145
       0.454           0.459           0.000           0.000
       0.459           0.464           0.000           0.000
       0.464           0.469           0.000           0.000
       0.469           0.474           0.000           0.000
       0.474           0.479           0.000           0.000
       0.479           0.484           0.000           0.000
       0.484           0.489           0.000           0.000
       0.489           0.489           0.000           0.000
 
 
 ****************************************************************
 
 Energy mu-
      binlow         binhigh         content           error
       0.000           0.000           0.000           0.000
       0.000           0.005           0.000           0.000
       0.005           0.010           0.000           0.000
       0.010           0.015           0.000           0.000
       0.015           0.020           0.000           0.000
       0.020           0.025           0.000           0.000
       0.025           0.030           0.000           0.000
       0.030           0.035           0.000           0.000
       0.035           0.040           0.000           0.000
       0.040           0.045           0.000           0.000
       0.045           0.050           0.000           0.000
       0.050           0.055           0.000           0.000
       0.055           0.060           0.000           0.000
       0.060           0.065           0.000           0.000
       0.065           0.070           0.000           0.000
       0.070           0.075           0.000           0.000
       0.075           0.080           0.000           0.000
       0.080           0.085           0.000           0.000
       0.085           0.090           0.000           0.000
       0.090           0.095           0.000           0.000
       0.095           0.100           0.000           0.000
       0.100           0.105           0.000           0.000
       0.105           0.110           0.000           0.000
       0.110           0.115           0.000           0.000
       0.115           0.120           0.284           0.201
       0.120           0.125           0.142           0.142
       0.125           0.130           0.426           0.246
       0.130           0.135           0.994           0.376
       0.135           0.140           1.136           0.402
       0.140           0.145           0.284           0.201
       0.145           0.150           1.136           0.402
       0.150           0.155           2.130           0.550
       0.155           0.160           3.691           0.724
       0.160           0.165           4.117           0.765
       0.165           0.170           3.975           0.751
       0.170           0.175           4.401           0.790
       0.175           0.180           5.679           0.898
       0.180           0.185           4.827           0.828
       0.185           0.190           6.673           0.973
       0.190           0.195           5.253           0.864
       0.195           0.200           7.383           1.024
       0.200           0.205           6.105           0.931
       0.205           0.210           7.241           1.014
       0.210           0.215           7.241           1.014
       0.215           0.220           5.821           0.909
       0.220           0.225           7.667           1.043
       0.225           0.230           7.383           1.024
       0.230           0.235           5.963           0.920
       0.235           0.240           7.809           1.053
       0.240           0.245           7.241           1.014
       0.245           0.250           7.383           1.024
       0.250           0.255           7.951           1.062
       0.255           0.260           8.376           1.091
       0.260           0.265           7.099           1.004
       0.265           0.270           7.951           1.062
       0.270           0.275           7.383           1.024
       0.275           0.280           8.518           1.100
       0.280           0.285           9.086           1.136
       0.285           0.290           8.518           1.100
       0.290           0.295           8.944           1.127
       0.295           0.300           6.957           0.994
       0.300           0.305           9.512           1.162
       0.305           0.310           8.944           1.127
       0.310           0.315           9.228           1.145
       0.315           0.320          10.080           1.196
       0.320           0.325           6.531           0.963
       0.325           0.330           6.815           0.984
       0.330           0.335          10.790           1.238
       0.335           0.340           8.376           1.091
       0.340           0.345           9.370           1.153
       0.345           0.350          10.932           1.246
       0.350           0.355           8.944           1.127
       0.355           0.360          12.068           1.309
       0.360           0.365          11.784           1.293
       0.365           0.370           8.234           1.081
       0.370           0.375          10.364           1.213
       0.375           0.380          11.500           1.278
       0.380           0.385          11.216           1.262
       0.385           0.390          11.642           1.286
       0.390           0.395           8.802           1.118
       0.395           0.400           9.796           1.179
       0.400           0.405           7.383           1.024
       0.405           0.410           7.809           1.053
       0.410           0.415           6.389           0.952
       0.415           0.420           4.685           0.816
       0.420           0.425           2.130           0.550
       0.425           0.430           1.278           0.426
       0.430           0.435           0.852           0.348
       0.435           0.440           0.426           0.246
       0.440           0.445           0.284           0.201
       0.445           0.450           0.568           0.284
       0.450           0.455           0.710           0.317
       0.455           0.460           0.426           0.246
       0.460           0.465           0.284           0.201
       0.465           0.470           0.000           0.000
       0.470           0.475           0.000           0.000
       0.475           0.480           0.000           0.000
       0.480           0.485           0.000           0.000
       0.485           0.490           0.000           0.000
       0.490           0.495           0.000           0.000
       0.495           0.500           0.000           0.000
       0.500           0.500           0.000           0.000
 
 
 ****************************************************************
 
 Theta mu-
      binlow         binhigh         content           error
       0.000           0.000           0.000           0.000
       0.000           1.800           0.000           0.000
       1.800           3.600           0.000           0.000
       3.600           5.400           0.000           0.000
       5.400           7.200           0.000           0.000
       7.200           9.000           0.000           0.000
       9.000          10.800           0.000           0.000
      10.800          12.600           0.000           0.000
      12.600          14.400           0.000           0.000
      14.400          16.200           0.000           0.000
      16.200          18.000           0.000           0.000
      18.000          19.800           0.000           0.000
      19.800          21.600           0.000           0.000
      21.600          23.400           0.000           0.000
      23.400          25.200           0.000           0.000
      25.200          27.000           0.000           0.000
      27.000          28.800           0.000           0.000
      28.800          30.600           0.000           0.000
      30.600          32.400           0.000           0.000
      32.400          34.200           0.000           0.000
      34.200          36.000           0.000           0.000
      36.000          37.800           0.000           0.000
      37.800          39.600           0.000           0.000
      39.600          41.400           0.000           0.000
      41.400          43.200           0.000           0.000
      43.200          45.000           0.000           0.000
      45.000          46.800           0.000           0.000
      46.800          48.600           0.000           0.000
      48.600          50.400           0.000           0.000
      50.400          52.200           0.000           0.000
      52.200          54.000           0.000           0.000
      54.000          55.800           0.000           0.000
      55.800          57.600           0.000           0.000
      57.600          59.400           0.000           0.000
      59.400          61.200           0.000           0.000
      61.200          63.000           0.000           0.000
      63.000          64.800           0.000           0.000
      64.800          66.600           0.000           0.000
      66.600          68.400           0.000           0.000
      68.400          70.200           0.000           0.000
      70.200          72.000           0.000           0.000
      72.000          73.800           0.000           0.000
      73.800          75.600           0.000           0.000
      75.600          77.400           0.000           0.000
      77.400          79.200           0.000           0.000
      79.200          81.000           0.000           0.000
      81.000          82.800           0.000           0.000
      82.800          84.600           0.000           0.000
      84.600          86.400           0.000           0.000
      86.400          88.200           0.000           0.000
      88.200          90.000           0.000           0.000
      90.000          91.800           0.000           0.000
      91.800          93.600           0.000           0.000
      93.600          95.400           0.000           0.000
      95.400          97.200           0.000           0.000
      97.200          99.000           0.000           0.000
      99.000         100.800           0.014           0.002
     100.800         102.600           0.027           0.003
     102.600         104.400           0.025           0.003
     104.400         106.200           0.028           0.003
     106.200         108.000           0.025           0.003
     108.000         109.800           0.026           0.003
     109.800         111.600           0.030           0.003
     111.600         113.400           0.022           0.003
     113.400         115.200           0.026           0.003
     115.200         117.000           0.026           0.003
     117.000         118.800           0.022           0.003
     118.800         120.600           0.028           0.003
     120.600         122.400           0.022           0.003
     122.400         124.200           0.024           0.003
     124.200         126.000           0.026           0.003
     126.000         127.800           0.030           0.003
     127.800         129.600           0.028           0.003
     129.600         131.400           0.022           0.003
     131.400         133.200           0.020           0.003
     133.200         135.000           0.025           0.003
     135.000         136.800           0.030           0.003
     136.800         138.600           0.029           0.003
     138.600         140.400           0.033           0.004
     140.400         142.200           0.031           0.004
     142.200         144.000           0.028           0.003
     144.000         145.800           0.024           0.003
     145.800         147.600           0.028           0.003
     147.600         149.400           0.034           0.004
     149.400         151.200           0.029           0.003
     151.200         153.000           0.036           0.004
     153.000         154.800           0.028           0.003
     154.800         156.600           0.037           0.004
     156.600         158.400           0.032           0.004
     158.400         160.200           0.043           0.004
     160.200         162.000           0.035           0.004
     162.000         163.800           0.037           0.004
     163.800         165.600           0.040           0.004
     165.600         167.400           0.037           0.004
     167.400         169.200           0.033           0.004
     169.200         171.000           0.026           0.003
     171.000         172.800           0.021           0.003
     172.800         174.600           0.018           0.003
     174.600         176.400           0.009           0.002
     176.400         178.200           0.006           0.002
     178.200         180.000           0.000           0.000
     180.000         180.000           0.000           0.000
 
 
 ****************************************************************
 
 p modulus mu+
      binlow         binhigh         content           error
       0.000           0.000           0.000           0.000
       0.000           0.005           0.000           0.000
       0.005           0.010           0.000           0.000
       0.010           0.015           0.000           0.000
       0.015           0.020           0.291           0.205
       0.020           0.024           0.000           0.000
       0.024           0.029           0.000           0.000
       0.029           0.034           0.000           0.000
       0.034           0.039           0.000           0.000
       0.039           0.044           0.000           0.000
       0.044           0.049           0.000           0.000
       0.049           0.054           0.436           0.252
       0.054           0.059           0.000           0.000
       0.059           0.064           0.291           0.205
       0.064           0.068           0.145           0.145
       0.068           0.073           0.581           0.291
       0.073           0.078           0.291           0.205
       0.078           0.083           0.145           0.145
       0.083           0.088           0.581           0.291
       0.088           0.093           1.307           0.436
       0.093           0.098           1.743           0.503
       0.098           0.103           1.888           0.524
       0.103           0.108           3.050           0.666
       0.108           0.112           3.341           0.697
       0.112           0.117           3.486           0.712
       0.117           0.122           3.341           0.697
       0.122           0.127           3.631           0.726
       0.127           0.132           4.212           0.782
       0.132           0.137           3.777           0.741
       0.137           0.142           4.503           0.809
       0.142           0.147           4.503           0.809
       0.147           0.151           3.777           0.741
       0.151           0.156           4.648           0.822
       0.156           0.161           5.374           0.884
       0.161           0.166           4.358           0.796
       0.166           0.171           5.084           0.859
       0.171           0.176           4.503           0.809
       0.176           0.181           5.665           0.907
       0.181           0.186           5.955           0.930
       0.186           0.191           6.391           0.964
       0.191           0.195           6.682           0.985
       0.195           0.200           4.793           0.834
       0.200           0.205           7.117           1.017
       0.205           0.210           5.810           0.919
       0.210           0.215           7.844           1.067
       0.215           0.220           5.520           0.895
       0.220           0.225           5.955           0.930
       0.225           0.230           6.972           1.006
       0.230           0.235           6.536           0.974
       0.235           0.239           7.698           1.057
       0.239           0.244           8.570           1.116
       0.244           0.249           7.698           1.057
       0.249           0.254           9.006           1.144
       0.254           0.259           5.955           0.930
       0.259           0.264           7.698           1.057
       0.264           0.269           7.408           1.037
       0.269           0.274           7.263           1.027
       0.274           0.279           7.844           1.067
       0.279           0.283           6.827           0.996
       0.283           0.288           7.263           1.027
       0.288           0.293           8.570           1.116
       0.293           0.298           7.989           1.077
       0.298           0.303           9.732           1.189
       0.303           0.308           9.151           1.153
       0.308           0.313           8.715           1.125
       0.313           0.318           8.860           1.134
       0.318           0.323           9.151           1.153
       0.323           0.327          10.749           1.250
       0.327           0.332          10.894           1.258
       0.332           0.337           7.989           1.077
       0.337           0.342           7.263           1.027
       0.342           0.347           9.296           1.162
       0.347           0.352          11.911           1.315
       0.352           0.357          10.894           1.258
       0.357           0.362           9.151           1.153
       0.362           0.367           7.844           1.067
       0.367           0.371          12.782           1.363
       0.371           0.376           9.296           1.162
       0.376           0.381           9.587           1.180
       0.381           0.386           6.246           0.952
       0.386           0.391           6.246           0.952
       0.391           0.396           6.101           0.941
       0.396           0.401           4.939           0.847
       0.401           0.406           2.760           0.633
       0.406           0.411           1.743           0.503
       0.411           0.415           1.888           0.524
       0.415           0.420           0.872           0.356
       0.420           0.425           0.581           0.291
       0.425           0.430           0.581           0.291
       0.430           0.435           0.291           0.205
       0.435           0.440           0.436           0.252
       0.440           0.445           0.436           0.252
       0.445           0.450           0.291           0.205
       0.450           0.454           0.145           0.145
       0.454           0.459           0.000           0.000
       0.459           0.464           0.145           0.145
       0.464           0.469           0.000           0.000
       0.469           0.474           0.000           0.000
       0.474           0.479           0.000           0.000
       0.479           0.484           0.000           0.000
       0.484           0.489           0.000           0.000
       0.489           0.489           0.000           0.000
 
 
 ****************************************************************
 
 Energy mu+
      binlow         binhigh         content           error
       0.000           0.000           0.000           0.000
       0.000           0.005           0.000           0.000
       0.005           0.010           0.000           0.000
       0.010           0.015           0.000           0.000
       0.015           0.020           0.000           0.000
       0.020           0.025           0.000           0.000
       0.025           0.030           0.000           0.000
       0.030           0.035           0.000           0.000
       0.035           0.040           0.000           0.000
       0.040           0.045           0.000           0.000
       0.045           0.050           0.000           0.000
       0.050           0.055           0.000           0.000
       0.055           0.060           0.000           0.000
       0.060           0.065           0.000           0.000
       0.065           0.070           0.000           0.000
       0.070           0.075           0.000           0.000
       0.075           0.080           0.000           0.000
       0.080           0.085           0.000           0.000
       0.085           0.090           0.000           0.000
       0.090           0.095           0.000           0.000
       0.095           0.100           0.000           0.000
       0.100           0.105           0.000           0.000
       0.105           0.110           0.284           0.201
       0.110           0.115           0.000           0.000
       0.115           0.120           0.426           0.246
       0.120           0.125           0.284           0.201
       0.125           0.130           0.710           0.317
       0.130           0.135           0.568           0.284
       0.135           0.140           1.278           0.426
       0.140           0.145           2.414           0.585
       0.145           0.150           4.117           0.765
       0.150           0.155           4.685           0.816
       0.155           0.160           4.259           0.778
       0.160           0.165           4.827           0.828
       0.165           0.170           4.827           0.828
       0.170           0.175           5.537           0.887
       0.175           0.180           5.395           0.875
       0.180           0.185           5.111           0.852
       0.185           0.190           5.679           0.898
       0.190           0.195           6.389           0.952
       0.195           0.200           5.821           0.909
       0.200           0.205           4.969           0.840
       0.205           0.210           6.531           0.963
       0.210           0.215           6.673           0.973
       0.215           0.220           6.957           0.994
       0.220           0.225           7.525           1.034
       0.225           0.230           7.099           1.004
       0.230           0.235           6.389           0.952
       0.235           0.240           8.518           1.100
       0.240           0.245           6.105           0.931
       0.245           0.250           7.383           1.024
       0.250           0.255           7.951           1.062
       0.255           0.260           6.957           0.994
       0.260           0.265           9.512           1.162
       0.265           0.270           8.092           1.072
       0.270           0.275           9.796           1.179
       0.275           0.280           7.099           1.004
       0.280           0.285           7.525           1.034
       0.285           0.290           8.234           1.081
       0.290           0.295           8.376           1.091
       0.295           0.300           7.383           1.024
       0.300           0.305           8.518           1.100
       0.305           0.310           8.234           1.081
       0.310           0.315           8.376           1.091
       0.315           0.320           9.654           1.171
       0.320           0.325           9.654           1.171
       0.325           0.330           9.512           1.162
       0.330           0.335           8.944           1.127
       0.335           0.340          10.080           1.196
       0.340           0.345          12.494           1.332
       0.345           0.350           9.370           1.153
       0.350           0.355           8.944           1.127
       0.355           0.360           7.525           1.034
       0.360           0.365          11.784           1.293
       0.365           0.370          11.926           1.301
       0.370           0.375           9.796           1.179
       0.375           0.380           8.802           1.118
       0.380           0.385          10.932           1.246
       0.385           0.390          11.926           1.301
       0.390           0.395           8.944           1.127
       0.395           0.400           6.957           0.994
       0.400           0.405           6.531           0.963
       0.405           0.410           6.247           0.942
       0.410           0.415           4.685           0.816
       0.415           0.420           2.981           0.651
       0.420           0.425           2.130           0.550
       0.425           0.430           1.420           0.449
       0.430           0.435           0.710           0.317
       0.435           0.440           0.568           0.284
       0.440           0.445           0.426           0.246
       0.445           0.450           0.568           0.284
       0.450           0.455           0.426           0.246
       0.455           0.460           0.000           0.000
       0.460           0.465           0.426           0.246
       0.465           0.470           0.000           0.000
       0.470           0.475           0.000           0.000
       0.475           0.480           0.142           0.142
       0.480           0.485           0.000           0.000
       0.485           0.490           0.000           0.000
       0.490           0.495           0.000           0.000
       0.495           0.500           0.000           0.000
       0.500           0.500           0.000           0.000
 
 
 ****************************************************************
 
 Theta mu+
      binlow         binhigh         content           error
       0.000           0.000           0.000           0.000
       0.000           1.800           0.000           0.000
       1.800           3.600           0.000           0.000
       3.600           5.400           0.000           0.000
       5.400           7.200           0.000           0.000
       7.200           9.000           0.000           0.000
       9.000          10.800           0.000           0.000
      10.800          12.600           0.000           0.000
      12.600          14.400           0.000           0.000
      14.400          16.200           0.000           0.000
      16.200          18.000           0.000           0.000
      18.000          19.800           0.000           0.000
      19.800          21.600           0.000           0.000
      21.600          23.400           0.000           0.000
      23.400          25.200           0.000           0.000
      25.200          27.000           0.000           0.000
      27.000          28.800           0.000           0.000
      28.800          30.600           0.000           0.000
      30.600          32.400           0.000           0.000
      32.400          34.200           0.000           0.000
      34.200          36.000           0.000           0.000
      36.000          37.800           0.000           0.000
      37.800          39.600           0.000           0.000
      39.600          41.400           0.000           0.000
      41.400          43.200           0.000           0.000
      43.200          45.000           0.000           0.000
      45.000          46.800           0.000           0.000
      46.800          48.600           0.000           0.000
      48.600          50.400           0.000           0.000
      50.400          52.200           0.000           0.000
      52.200          54.000           0.000           0.000
      54.000          55.800           0.000           0.000
      55.800          57.600           0.000           0.000
      57.600          59.400           0.000           0.000
      59.400          61.200           0.000           0.000
      61.200          63.000           0.000           0.000
      63.000          64.800           0.000           0.000
      64.800          66.600           0.000           0.000
      66.600          68.400           0.000           0.000
      68.400          70.200           0.000           0.000
      70.200          72.000           0.000           0.000
      72.000          73.800           0.000           0.000
      73.800          75.600           0.000           0.000
      75.600          77.400           0.000           0.000
      77.400          79.200           0.000           0.000
      79.200          81.000           0.000           0.000
      81.000          82.800           0.000           0.000
      82.800          84.600           0.000           0.000
      84.600          86.400           0.000           0.000
      86.400          88.200           0.000           0.000
      88.200          90.000           0.000           0.000
      90.000          91.800           0.000           0.000
      91.800          93.600           0.000           0.000
      93.600          95.400           0.000           0.000
      95.400          97.200           0.000           0.000
      97.200          99.000           0.000           0.000
      99.000         100.800           0.016           0.003
     100.800         102.600           0.030           0.003
     102.600         104.400           0.031           0.003
     104.400         106.200           0.025           0.003
     106.200         108.000           0.029           0.003
     108.000         109.800           0.031           0.004
     109.800         111.600           0.023           0.003
     111.600         113.400           0.028           0.003
     113.400         115.200           0.027           0.003
     115.200         117.000           0.024           0.003
     117.000         118.800           0.021           0.003
     118.800         120.600           0.026           0.003
     120.600         122.400           0.024           0.003
     122.400         124.200           0.024           0.003
     124.200         126.000           0.027           0.003
     126.000         127.800           0.026           0.003
     127.800         129.600           0.022           0.003
     129.600         131.400           0.032           0.004
     131.400         133.200           0.029           0.003
     133.200         135.000           0.025           0.003
     135.000         136.800           0.030           0.003
     136.800         138.600           0.026           0.003
     138.600         140.400           0.027           0.003
     140.400         142.200           0.032           0.004
     142.200         144.000           0.028           0.003
     144.000         145.800           0.030           0.003
     145.800         147.600           0.027           0.003
     147.600         149.400           0.035           0.004
     149.400         151.200           0.030           0.003
     151.200         153.000           0.034           0.004
     153.000         154.800           0.032           0.004
     154.800         156.600           0.034           0.004
     156.600         158.400           0.041           0.004
     158.400         160.200           0.035           0.004
     160.200         162.000           0.037           0.004
     162.000         163.800           0.041           0.004
     163.800         165.600           0.030           0.003
     165.600         167.400           0.027           0.003
     167.400         169.200           0.030           0.003
     169.200         171.000           0.024           0.003
     171.000         172.800           0.019           0.003
     172.800         174.600           0.013           0.002
     174.600         176.400           0.010           0.002
     176.400         178.200           0.003           0.001
     178.200         180.000           0.001           0.001
     180.000         180.000           0.000           0.000
 
 
 ****************************************************************
 
 p modulus ISR gamma
      binlow         binhigh         content           error
       0.000           0.000           0.000           0.000
       0.000           0.010           0.000           0.000
       0.010           0.020           0.000           0.000
       0.020           0.030           0.000           0.000
       0.030           0.040           0.000           0.000
       0.040           0.050           0.000           0.000
       0.050           0.060           0.000           0.000
       0.060           0.070           0.000           0.000
       0.070           0.080           0.000           0.000
       0.080           0.090           0.000           0.000
       0.090           0.100           0.000           0.000
       0.100           0.110           0.000           0.000
       0.110           0.120           0.000           0.000
       0.120           0.130           0.000           0.000
       0.130           0.140           0.000           0.000
       0.140           0.150           0.071           0.071
       0.150           0.160           0.071           0.071
       0.160           0.170           0.213           0.123
       0.170           0.180           0.781           0.235
       0.180           0.190           0.071           0.071
       0.190           0.200           1.136           0.284
       0.200           0.210           0.852           0.246
       0.210           0.220           0.994           0.266
       0.220           0.230           1.633           0.340
       0.230           0.240           1.136           0.284
       0.240           0.250           2.130           0.389
       0.250           0.260           2.059           0.382
       0.260           0.270           1.988           0.376
       0.270           0.280           1.917           0.369
       0.280           0.290           2.556           0.426
       0.290           0.300           2.697           0.438
       0.300           0.310           3.052           0.465
       0.310           0.320           3.691           0.512
       0.320           0.330           3.762           0.517
       0.330           0.340           4.117           0.541
       0.340           0.350           5.466           0.623
       0.350           0.360           5.679           0.635
       0.360           0.370           5.040           0.598
       0.370           0.380           6.815           0.696
       0.380           0.390           8.092           0.758
       0.390           0.400           8.731           0.787
       0.400           0.410          11.074           0.887
       0.410           0.420          12.068           0.926
       0.420           0.430          14.694           1.021
       0.430           0.440          17.392           1.111
       0.440           0.450          20.728           1.213
       0.450           0.460          22.006           1.250
       0.460           0.470          24.916           1.330
       0.470           0.480          18.031           1.131
       0.480           0.490           0.000           0.000
       0.490           0.500           0.000           0.000
       0.500           0.510           0.000           0.000
       0.510           0.520           0.000           0.000
       0.520           0.530           0.000           0.000
       0.530           0.540           0.000           0.000
       0.540           0.550           0.000           0.000
       0.550           0.560           0.000           0.000
       0.560           0.570           0.000           0.000
       0.570           0.580           0.000           0.000
       0.580           0.590           0.000           0.000
       0.590           0.600           0.000           0.000
       0.600           0.610           0.000           0.000
       0.610           0.620           0.000           0.000
       0.620           0.630           0.000           0.000
       0.630           0.640           0.000           0.000
       0.640           0.650           0.000           0.000
       0.650           0.660           0.000           0.000
       0.660           0.670           0.000           0.000
       0.670           0.680           0.000           0.000
       0.680           0.690           0.000           0.000
       0.690           0.700           0.000           0.000
       0.700           0.710           0.000           0.000
       0.710           0.720           0.000           0.000
       0.720           0.730           0.000           0.000
       0.730           0.740           0.000           0.000
       0.740           0.750           0.000           0.000
       0.750           0.760           0.000           0.000
       0.760           0.770           0.000           0.000
       0.770           0.780           0.000           0.000
       0.780           0.790           0.000           0.000
       0.790           0.800           0.000           0.000
       0.800           0.810           0.000           0.000
       0.810           0.820           0.000           0.000
       0.820           0.830           0.000           0.000
       0.830           0.840           0.000           0.000
       0.840           0.850           0.000           0.000
       0.850           0.860           0.000           0.000
       0.860           0.870           0.000           0.000
       0.870           0.880           0.000           0.000
       0.880           0.890           0.000           0.000
       0.890           0.900           0.000           0.000
       0.900           0.910           0.000           0.000
       0.910           0.920           0.000           0.000
       0.920           0.930           0.000           0.000
       0.930           0.940           0.000           0.000
       0.940           0.950           0.000           0.000
       0.950           0.960           0.000           0.000
       0.960           0.970           0.000           0.000
       0.970           0.980           0.000           0.000
       0.980           0.990           0.000           0.000
       0.990           1.000           0.000           0.000
       1.000           1.000           0.000           0.000
 
 
 ****************************************************************
 
 Theta ISR gamma
      binlow         binhigh         content           error
       0.000           0.000           0.000           0.000
       0.000           1.800           0.592           0.015
       1.800           3.600           0.116           0.007
       3.600           5.400           0.076           0.005
       5.400           7.200           0.053           0.005
       7.200           9.000           0.038           0.004
       9.000          10.800           0.033           0.004
      10.800          12.600           0.024           0.003
      12.600          14.400           0.026           0.003
      14.400          16.200           0.021           0.003
      16.200          18.000           0.015           0.002
      18.000          19.800           0.024           0.003
      19.800          21.600           0.015           0.002
      21.600          23.400           0.019           0.003
      23.400          25.200           0.013           0.002
      25.200          27.000           0.009           0.002
      27.000          28.800           0.013           0.002
      28.800          30.600           0.013           0.002
      30.600          32.400           0.011           0.002
      32.400          34.200           0.007           0.002
      34.200          36.000           0.005           0.001
      36.000          37.800           0.007           0.002
      37.800          39.600           0.007           0.002
      39.600          41.400           0.007           0.002
      41.400          43.200           0.005           0.001
      43.200          45.000           0.007           0.002
      45.000          46.800           0.007           0.002
      46.800          48.600           0.002           0.001
      48.600          50.400           0.004           0.001
      50.400          52.200           0.003           0.001
      52.200          54.000           0.002           0.001
      54.000          55.800           0.005           0.001
      55.800          57.600           0.004           0.001
      57.600          59.400           0.001           0.001
      59.400          61.200           0.000           0.000
      61.200          63.000           0.003           0.001
      63.000          64.800           0.002           0.001
      64.800          66.600           0.001           0.001
      66.600          68.400           0.002           0.001
      68.400          70.200           0.001           0.001
      70.200          72.000           0.001           0.001
      72.000          73.800           0.001           0.001
      73.800          75.600           0.000           0.000
      75.600          77.400           0.000           0.000
      77.400          79.200           0.000           0.000
      79.200          81.000           0.000           0.000
      81.000          82.800           0.000           0.000
      82.800          84.600           0.000           0.000
      84.600          86.400           0.000           0.000
      86.400          88.200           0.000           0.000
      88.200          90.000           0.000           0.000
      90.000          91.800           0.000           0.000
      91.800          93.600           0.000           0.000
      93.600          95.400           0.000           0.000
      95.400          97.200           0.000           0.000
      97.200          99.000           0.000           0.000
      99.000         100.800           0.000           0.000
     100.800         102.600           0.000           0.000
     102.600         104.400           0.000           0.000
     104.400         106.200           0.000           0.000
     106.200         108.000           0.000           0.000
     108.000         109.800           0.000           0.000
     109.800         111.600           0.000           0.000
     111.600         113.400           0.000           0.000
     113.400         115.200           0.000           0.000
     115.200         117.000           0.000           0.000
     117.000         118.800           0.000           0.000
     118.800         120.600           0.000           0.000
     120.600         122.400           0.000           0.000
     122.400         124.200           0.000           0.000
     124.200         126.000           0.000           0.000
     126.000         127.800           0.000           0.000
     127.800         129.600           0.000           0.000
     129.600         131.400           0.000           0.000
     131.400         133.200           0.000           0.000
     133.200         135.000           0.000           0.000
     135.000         136.800           0.000           0.000
     136.800         138.600           0.000           0.000
     138.600         140.400           0.000           0.000
     140.400         142.200           0.000           0.000
     142.200         144.000           0.000           0.000
     144.000         145.800           0.000           0.000
     145.800         147.600           0.000           0.000
     147.600         149.400           0.000           0.000
     149.400         151.200           0.000           0.000
     151.200         153.000           0.000           0.000
     153.000         154.800           0.000           0.000
     154.800         156.600           0.000           0.000
     156.600         158.400           0.000           0.000
     158.400         160.200           0.000           0.000
     160.200         162.000           0.000           0.000
     162.000         163.800           0.000           0.000
     163.800         165.600           0.000           0.000
     165.600         167.400           0.000           0.000
     167.400         169.200           0.000           0.000
     169.200         171.000           0.000           0.000
     171.000         172.800           0.000           0.000
     172.800         174.600           0.000           0.000
     174.600         176.400           0.000           0.000
     176.400         178.200           0.000           0.000
     178.200         180.000           0.000           0.000
     180.000         180.000           0.000           0.000
 
 
 ****************************************************************
 
 mu-mu invariant mass squared
      binlow         binhigh         content           error
       0.000           0.000           0.000           0.000
       0.000           0.008           0.000           0.000
       0.008           0.016           0.000           0.000
       0.016           0.024           0.000           0.000
       0.024           0.032           0.000           0.000
       0.032           0.040           0.000           0.000
       0.040           0.048           3.461           0.554
       0.048           0.056          12.334           1.046
       0.056           0.064          12.600           1.057
       0.064           0.072          12.866           1.068
       0.072           0.080          12.423           1.050
       0.080           0.088          12.689           1.061
       0.088           0.096          10.027           0.943
       0.096           0.104          10.116           0.947
       0.104           0.112          10.293           0.956
       0.112           0.120          10.293           0.956
       0.120           0.128           9.051           0.896
       0.128           0.136           8.696           0.878
       0.136           0.144           6.478           0.758
       0.144           0.152           8.962           0.892
       0.152           0.160           6.921           0.784
       0.160           0.168           5.768           0.715
       0.168           0.176           6.389           0.753
       0.176           0.184           5.590           0.704
       0.184           0.192           6.300           0.748
       0.192           0.200           4.880           0.658
       0.200           0.208           4.614           0.640
       0.208           0.216           4.703           0.646
       0.216           0.224           3.638           0.568
       0.224           0.232           4.259           0.615
       0.232           0.240           3.816           0.582
       0.240           0.248           3.549           0.561
       0.248           0.256           3.461           0.554
       0.256           0.264           3.106           0.525
       0.264           0.272           2.307           0.452
       0.272           0.280           2.396           0.461
       0.280           0.288           3.461           0.554
       0.288           0.296           2.485           0.470
       0.296           0.304           2.485           0.470
       0.304           0.312           2.218           0.444
       0.312           0.320           3.283           0.540
       0.320           0.328           2.041           0.426
       0.328           0.336           2.041           0.426
       0.336           0.344           2.485           0.470
       0.344           0.352           1.420           0.355
       0.352           0.360           1.863           0.407
       0.360           0.368           2.573           0.478
       0.368           0.376           1.420           0.355
       0.376           0.384           1.775           0.397
       0.384           0.392           1.331           0.344
       0.392           0.400           1.331           0.344
       0.400           0.408           1.154           0.320
       0.408           0.416           1.686           0.387
       0.416           0.424           1.331           0.344
       0.424           0.432           1.065           0.307
       0.432           0.440           1.331           0.344
       0.440           0.448           0.621           0.235
       0.448           0.456           1.242           0.332
       0.456           0.464           0.887           0.281
       0.464           0.472           0.976           0.294
       0.472           0.480           1.154           0.320
       0.480           0.488           0.887           0.281
       0.488           0.496           1.331           0.344
       0.496           0.504           0.799           0.266
       0.504           0.512           1.242           0.332
       0.512           0.520           0.976           0.294
       0.520           0.528           0.532           0.217
       0.528           0.536           0.621           0.235
       0.536           0.544           0.621           0.235
       0.544           0.552           0.976           0.294
       0.552           0.560           0.710           0.251
       0.560           0.568           0.621           0.235
       0.568           0.576           0.355           0.177
       0.576           0.584           0.355           0.177
       0.584           0.592           0.444           0.198
       0.592           0.600           0.532           0.217
       0.600           0.608           0.532           0.217
       0.608           0.616           0.710           0.251
       0.616           0.624           0.177           0.125
       0.624           0.632           0.089           0.089
       0.632           0.640           0.000           0.000
       0.640           0.648           0.266           0.154
       0.648           0.656           0.444           0.198
       0.656           0.664           0.266           0.154
       0.664           0.672           0.089           0.089
       0.672           0.680           0.177           0.125
       0.680           0.688           0.089           0.089
       0.688           0.696           0.000           0.000
       0.696           0.704           0.089           0.089
       0.704           0.712           0.000           0.000
       0.712           0.720           0.000           0.000
       0.720           0.728           0.000           0.000
       0.728           0.736           0.000           0.000
       0.736           0.744           0.000           0.000
       0.744           0.752           0.000           0.000
       0.752           0.760           0.000           0.000
       0.760           0.768           0.000           0.000
       0.768           0.776           0.000           0.000
       0.776           0.784           0.000           0.000
       0.784           0.792           0.000           0.000
       0.792           0.800           0.000           0.000
       0.800           0.800           0.000           0.000
 
